mode: set
github.com/himanshuBamoriya/MovieApiTrainingPorj/models/movieStruct.go:36.36,38.16 2 1
github.com/himanshuBamoriya/MovieApiTrainingPorj/models/movieStruct.go:41.2,43.16 2 1
github.com/himanshuBamoriya/MovieApiTrainingPorj/models/movieStruct.go:47.2,47.15 1 1
github.com/himanshuBamoriya/MovieApiTrainingPorj/models/movieStruct.go:38.16,40.3 1 0
github.com/himanshuBamoriya/MovieApiTrainingPorj/models/movieStruct.go:43.16,45.3 1 0
github.com/himanshuBamoriya/MovieApiTrainingPorj/models/movieStruct.go:50.34,53.16 2 1
github.com/himanshuBamoriya/MovieApiTrainingPorj/models/movieStruct.go:57.2,59.16 2 1
github.com/himanshuBamoriya/MovieApiTrainingPorj/models/movieStruct.go:53.16,54.13 1 0
github.com/himanshuBamoriya/MovieApiTrainingPorj/models/movieStruct.go:59.16,60.13 1 0
github.com/himanshuBamoriya/MovieApiTrainingPorj/models/movieStruct.go:64.44,72.16 3 0
github.com/himanshuBamoriya/MovieApiTrainingPorj/models/movieStruct.go:76.2,76.21 1 0
github.com/himanshuBamoriya/MovieApiTrainingPorj/models/movieStruct.go:72.16,73.13 1 0
github.com/himanshuBamoriya/MovieApiTrainingPorj/models/movieStruct.go:79.50,86.2 2 1
github.com/himanshuBamoriya/MovieApiTrainingPorj/models/movieStruct.go:88.60,95.2 2 0
github.com/himanshuBamoriya/MovieApiTrainingPorj/models/movieStruct.go:97.41,104.2 2 0
github.com/himanshuBamoriya/MovieApiTrainingPorj/main.go:15.13,17.2 1 0
github.com/himanshuBamoriya/MovieApiTrainingPorj/main.go:19.23,32.2 9 0
github.com/himanshuBamoriya/MovieApiTrainingPorj/main.go:34.64,37.2 2 0
github.com/himanshuBamoriya/MovieApiTrainingPorj/main.go:39.70,42.2 2 0
github.com/himanshuBamoriya/MovieApiTrainingPorj/main.go:44.73,46.16 2 0
github.com/himanshuBamoriya/MovieApiTrainingPorj/main.go:49.2,51.16 3 0
github.com/himanshuBamoriya/MovieApiTrainingPorj/main.go:55.2,58.16 4 0
github.com/himanshuBamoriya/MovieApiTrainingPorj/main.go:64.2,64.33 1 0
github.com/himanshuBamoriya/MovieApiTrainingPorj/main.go:70.2,72.27 3 0
github.com/himanshuBamoriya/MovieApiTrainingPorj/main.go:46.16,47.13 1 0
github.com/himanshuBamoriya/MovieApiTrainingPorj/main.go:51.16,54.3 2 0
github.com/himanshuBamoriya/MovieApiTrainingPorj/main.go:58.16,62.3 3 0
github.com/himanshuBamoriya/MovieApiTrainingPorj/main.go:64.33,65.22 1 0
github.com/himanshuBamoriya/MovieApiTrainingPorj/main.go:65.22,67.9 2 0
github.com/himanshuBamoriya/MovieApiTrainingPorj/main.go:76.73,79.16 3 0
github.com/himanshuBamoriya/MovieApiTrainingPorj/main.go:85.2,86.33 2 0
github.com/himanshuBamoriya/MovieApiTrainingPorj/main.go:104.2,105.43 2 0
github.com/himanshuBamoriya/MovieApiTrainingPorj/main.go:79.16,83.3 3 0
github.com/himanshuBamoriya/MovieApiTrainingPorj/main.go:86.33,87.22 1 0
github.com/himanshuBamoriya/MovieApiTrainingPorj/main.go:87.22,90.18 3 0
github.com/himanshuBamoriya/MovieApiTrainingPorj/main.go:93.4,101.10 5 0
github.com/himanshuBamoriya/MovieApiTrainingPorj/main.go:90.18,91.15 1 0
github.com/himanshuBamoriya/MovieApiTrainingPorj/main.go:108.65,111.2 2 0
github.com/himanshuBamoriya/MovieApiTrainingPorj/main.go:113.64,117.2 2 1
github.com/himanshuBamoriya/MovieApiTrainingPorj/main.go:119.68,121.30 2 1
github.com/himanshuBamoriya/MovieApiTrainingPorj/main.go:121.30,125.17 4 1
github.com/himanshuBamoriya/MovieApiTrainingPorj/main.go:129.3,130.28 2 1
github.com/himanshuBamoriya/MovieApiTrainingPorj/main.go:125.17,128.4 2 0
github.com/himanshuBamoriya/MovieApiTrainingPorj/main.go:132.8,135.3 2 0
github.com/himanshuBamoriya/MovieApiTrainingPorj/main.go:139.72,142.16 3 0
github.com/himanshuBamoriya/MovieApiTrainingPorj/main.go:148.2,150.31 2 0
github.com/himanshuBamoriya/MovieApiTrainingPorj/main.go:156.2,158.27 3 0
github.com/himanshuBamoriya/MovieApiTrainingPorj/main.go:142.16,147.3 4 0
github.com/himanshuBamoriya/MovieApiTrainingPorj/main.go:150.31,151.22 1 0
github.com/himanshuBamoriya/MovieApiTrainingPorj/main.go:151.22,154.4 2 0
github.com/himanshuBamoriya/MovieApiTrainingPorj/main.go:161.72,164.16 3 1
github.com/himanshuBamoriya/MovieApiTrainingPorj/main.go:169.2,169.24 1 1
github.com/himanshuBamoriya/MovieApiTrainingPorj/main.go:164.16,168.3 3 0
github.com/himanshuBamoriya/MovieApiTrainingPorj/main.go:172.75,175.16 3 0
github.com/himanshuBamoriya/MovieApiTrainingPorj/main.go:180.2,180.24 1 0
github.com/himanshuBamoriya/MovieApiTrainingPorj/main.go:175.16,179.3 3 0
